[1.289s] Invoking command in '/home/codeyu/dev/school/ZS2021/nmvr/assignments/simulator/src/robot': CONDA_PROMPT_MODIFIER=(base) PYTHONPATH=/home/codeyu/dev/school/ZS2021/nmvr/assignments/simulator/install/robot/lib/python3.8/site-packages:${PYTHONPATH} /usr/bin/python3 setup.py egg_info --egg-base ../../build/robot build --build-base /home/codeyu/dev/school/ZS2021/nmvr/assignments/simulator/build/robot/build install --prefix /home/codeyu/dev/school/ZS2021/nmvr/assignments/simulator/install/robot --record /home/codeyu/dev/school/ZS2021/nmvr/assignments/simulator/build/robot/install.log --single-version-externally-managed
[1.934s] running egg_info
[1.934s] creating ../../build/robot/robot.egg-info
[1.934s] writing ../../build/robot/robot.egg-info/PKG-INFO
[1.934s] writing dependency_links to ../../build/robot/robot.egg-info/dependency_links.txt
[1.934s] writing entry points to ../../build/robot/robot.egg-info/entry_points.txt
[1.934s] writing requirements to ../../build/robot/robot.egg-info/requires.txt
[1.934s] writing top-level names to ../../build/robot/robot.egg-info/top_level.txt
[1.935s] writing manifest file '../../build/robot/robot.egg-info/SOURCES.txt'
[1.996s] reading manifest file '../../build/robot/robot.egg-info/SOURCES.txt'
[1.997s] writing manifest file '../../build/robot/robot.egg-info/SOURCES.txt'
[1.998s] running build
[1.998s] running build_py
[1.998s] creating /home/codeyu/dev/school/ZS2021/nmvr/assignments/simulator/build/robot/build
[1.998s] creating /home/codeyu/dev/school/ZS2021/nmvr/assignments/simulator/build/robot/build/lib
[1.998s] creating /home/codeyu/dev/school/ZS2021/nmvr/assignments/simulator/build/robot/build/lib/robot
[1.999s] copying robot/__init__.py -> /home/codeyu/dev/school/ZS2021/nmvr/assignments/simulator/build/robot/build/lib/robot
[1.999s] copying robot/robot.py -> /home/codeyu/dev/school/ZS2021/nmvr/assignments/simulator/build/robot/build/lib/robot
[1.999s] running install
[2.000s] running install_lib
[2.002s] creating /home/codeyu/dev/school/ZS2021/nmvr/assignments/simulator/install/robot/lib/python3.8/site-packages/robot
[2.002s] copying /home/codeyu/dev/school/ZS2021/nmvr/assignments/simulator/build/robot/build/lib/robot/__init__.py -> /home/codeyu/dev/school/ZS2021/nmvr/assignments/simulator/install/robot/lib/python3.8/site-packages/robot
[2.002s] copying /home/codeyu/dev/school/ZS2021/nmvr/assignments/simulator/build/robot/build/lib/robot/robot.py -> /home/codeyu/dev/school/ZS2021/nmvr/assignments/simulator/install/robot/lib/python3.8/site-packages/robot
[2.003s] byte-compiling /home/codeyu/dev/school/ZS2021/nmvr/assignments/simulator/install/robot/lib/python3.8/site-packages/robot/__init__.py to __init__.cpython-38.pyc
[2.005s] byte-compiling /home/codeyu/dev/school/ZS2021/nmvr/assignments/simulator/install/robot/lib/python3.8/site-packages/robot/robot.py to robot.cpython-38.pyc
[2.009s] running install_data
[2.009s] creating /home/codeyu/dev/school/ZS2021/nmvr/assignments/simulator/install/robot/share/ament_index
[2.009s] creating /home/codeyu/dev/school/ZS2021/nmvr/assignments/simulator/install/robot/share/ament_index/resource_index
[2.010s] creating /home/codeyu/dev/school/ZS2021/nmvr/assignments/simulator/install/robot/share/ament_index/resource_index/packages
[2.010s] copying resource/robot -> /home/codeyu/dev/school/ZS2021/nmvr/assignments/simulator/install/robot/share/ament_index/resource_index/packages
[2.010s] copying package.xml -> /home/codeyu/dev/school/ZS2021/nmvr/assignments/simulator/install/robot/share/robot
[2.010s] running install_egg_info
[2.011s] Copying ../../build/robot/robot.egg-info to /home/codeyu/dev/school/ZS2021/nmvr/assignments/simulator/install/robot/lib/python3.8/site-packages/robot-0.0.0-py3.8.egg-info
[2.013s] running install_scripts
[2.048s] Installing robot script to /home/codeyu/dev/school/ZS2021/nmvr/assignments/simulator/install/robot/lib/robot
[2.048s] writing list of installed files to '/home/codeyu/dev/school/ZS2021/nmvr/assignments/simulator/build/robot/install.log'
[2.094s] Invoked command in '/home/codeyu/dev/school/ZS2021/nmvr/assignments/simulator/src/robot' returned '0': CONDA_PROMPT_MODIFIER=(base) PYTHONPATH=/home/codeyu/dev/school/ZS2021/nmvr/assignments/simulator/install/robot/lib/python3.8/site-packages:${PYTHONPATH} /usr/bin/python3 setup.py egg_info --egg-base ../../build/robot build --build-base /home/codeyu/dev/school/ZS2021/nmvr/assignments/simulator/build/robot/build install --prefix /home/codeyu/dev/school/ZS2021/nmvr/assignments/simulator/install/robot --record /home/codeyu/dev/school/ZS2021/nmvr/assignments/simulator/build/robot/install.log --single-version-externally-managed
