[1.276s] Invoking command in '/home/codeyu/dev/school/ZS2021/nmvr/assignments/simulator/src/world': CONDA_PROMPT_MODIFIER=(base) PYTHONPATH=/home/codeyu/dev/school/ZS2021/nmvr/assignments/simulator/install/world/lib/python3.8/site-packages:${PYTHONPATH} /usr/bin/python3 setup.py egg_info --egg-base ../../build/world build --build-base /home/codeyu/dev/school/ZS2021/nmvr/assignments/simulator/build/world/build install --prefix /home/codeyu/dev/school/ZS2021/nmvr/assignments/simulator/install/world --record /home/codeyu/dev/school/ZS2021/nmvr/assignments/simulator/build/world/install.log --single-version-externally-managed
[1.920s] running egg_info
[1.921s] writing ../../build/world/world.egg-info/PKG-INFO
[1.922s] writing dependency_links to ../../build/world/world.egg-info/dependency_links.txt
[1.922s] writing entry points to ../../build/world/world.egg-info/entry_points.txt
[1.922s] writing requirements to ../../build/world/world.egg-info/requires.txt
[1.922s] writing top-level names to ../../build/world/world.egg-info/top_level.txt
[1.969s] reading manifest file '../../build/world/world.egg-info/SOURCES.txt'
[1.971s] writing manifest file '../../build/world/world.egg-info/SOURCES.txt'
[1.971s] running build
[1.971s] running build_py
[1.972s] copying world/world.py -> /home/codeyu/dev/school/ZS2021/nmvr/assignments/simulator/build/world/build/lib/world
[1.972s] running install
[1.973s] running install_lib
[1.975s] copying /home/codeyu/dev/school/ZS2021/nmvr/assignments/simulator/build/world/build/lib/world/world.py -> /home/codeyu/dev/school/ZS2021/nmvr/assignments/simulator/install/world/lib/python3.8/site-packages/world
[1.982s] byte-compiling /home/codeyu/dev/school/ZS2021/nmvr/assignments/simulator/install/world/lib/python3.8/site-packages/world/world.py to world.cpython-38.pyc
[1.982s] running install_data
[1.982s] running install_egg_info
[1.983s] removing '/home/codeyu/dev/school/ZS2021/nmvr/assignments/simulator/install/world/lib/python3.8/site-packages/world-0.0.0-py3.8.egg-info' (and everything under it)
[1.984s] Copying ../../build/world/world.egg-info to /home/codeyu/dev/school/ZS2021/nmvr/assignments/simulator/install/world/lib/python3.8/site-packages/world-0.0.0-py3.8.egg-info
[1.985s] running install_scripts
[2.015s] Installing world script to /home/codeyu/dev/school/ZS2021/nmvr/assignments/simulator/install/world/lib/world
[2.015s] writing list of installed files to '/home/codeyu/dev/school/ZS2021/nmvr/assignments/simulator/build/world/install.log'
[2.048s] Invoked command in '/home/codeyu/dev/school/ZS2021/nmvr/assignments/simulator/src/world' returned '0': CONDA_PROMPT_MODIFIER=(base) PYTHONPATH=/home/codeyu/dev/school/ZS2021/nmvr/assignments/simulator/install/world/lib/python3.8/site-packages:${PYTHONPATH} /usr/bin/python3 setup.py egg_info --egg-base ../../build/world build --build-base /home/codeyu/dev/school/ZS2021/nmvr/assignments/simulator/build/world/build install --prefix /home/codeyu/dev/school/ZS2021/nmvr/assignments/simulator/install/world --record /home/codeyu/dev/school/ZS2021/nmvr/assignments/simulator/build/world/install.log --single-version-externally-managed
