[1.274s] Invoking command in '/home/codeyu/dev/school/ZS2021/nmvr/assignments/simulator/src/world': CONDA_PROMPT_MODIFIER=(base) PYTHONPATH=/home/codeyu/dev/school/ZS2021/nmvr/assignments/simulator/install/world/lib/python3.8/site-packages:${PYTHONPATH} /usr/bin/python3 setup.py egg_info --egg-base ../../build/world build --build-base /home/codeyu/dev/school/ZS2021/nmvr/assignments/simulator/build/world/build install --prefix /home/codeyu/dev/school/ZS2021/nmvr/assignments/simulator/install/world --record /home/codeyu/dev/school/ZS2021/nmvr/assignments/simulator/build/world/install.log --single-version-externally-managed
[1.923s] running egg_info
[1.923s] creating ../../build/world/world.egg-info
[1.924s] writing ../../build/world/world.egg-info/PKG-INFO
[1.924s] writing dependency_links to ../../build/world/world.egg-info/dependency_links.txt
[1.925s] writing entry points to ../../build/world/world.egg-info/entry_points.txt
[1.925s] writing requirements to ../../build/world/world.egg-info/requires.txt
[1.925s] writing top-level names to ../../build/world/world.egg-info/top_level.txt
[1.927s] writing manifest file '../../build/world/world.egg-info/SOURCES.txt'
[2.002s] reading manifest file '../../build/world/world.egg-info/SOURCES.txt'
[2.003s] writing manifest file '../../build/world/world.egg-info/SOURCES.txt'
[2.004s] running build
[2.004s] running build_py
[2.004s] creating /home/codeyu/dev/school/ZS2021/nmvr/assignments/simulator/build/world/build
[2.004s] creating /home/codeyu/dev/school/ZS2021/nmvr/assignments/simulator/build/world/build/lib
[2.004s] creating /home/codeyu/dev/school/ZS2021/nmvr/assignments/simulator/build/world/build/lib/world
[2.004s] copying world/__init__.py -> /home/codeyu/dev/school/ZS2021/nmvr/assignments/simulator/build/world/build/lib/world
[2.005s] copying world/world.py -> /home/codeyu/dev/school/ZS2021/nmvr/assignments/simulator/build/world/build/lib/world
[2.005s] running install
[2.006s] running install_lib
[2.008s] creating /home/codeyu/dev/school/ZS2021/nmvr/assignments/simulator/install/world/lib/python3.8/site-packages/world
[2.008s] copying /home/codeyu/dev/school/ZS2021/nmvr/assignments/simulator/build/world/build/lib/world/__init__.py -> /home/codeyu/dev/school/ZS2021/nmvr/assignments/simulator/install/world/lib/python3.8/site-packages/world
[2.008s] copying /home/codeyu/dev/school/ZS2021/nmvr/assignments/simulator/build/world/build/lib/world/world.py -> /home/codeyu/dev/school/ZS2021/nmvr/assignments/simulator/install/world/lib/python3.8/site-packages/world
[2.010s] byte-compiling /home/codeyu/dev/school/ZS2021/nmvr/assignments/simulator/install/world/lib/python3.8/site-packages/world/__init__.py to __init__.cpython-38.pyc
[2.012s] byte-compiling /home/codeyu/dev/school/ZS2021/nmvr/assignments/simulator/install/world/lib/python3.8/site-packages/world/world.py to world.cpython-38.pyc
[2.014s] running install_data
[2.016s] creating /home/codeyu/dev/school/ZS2021/nmvr/assignments/simulator/install/world/share/ament_index
[2.016s] creating /home/codeyu/dev/school/ZS2021/nmvr/assignments/simulator/install/world/share/ament_index/resource_index
[2.016s] creating /home/codeyu/dev/school/ZS2021/nmvr/assignments/simulator/install/world/share/ament_index/resource_index/packages
[2.016s] copying resource/world -> /home/codeyu/dev/school/ZS2021/nmvr/assignments/simulator/install/world/share/ament_index/resource_index/packages
[2.016s] copying package.xml -> /home/codeyu/dev/school/ZS2021/nmvr/assignments/simulator/install/world/share/world
[2.017s] running install_egg_info
[2.020s] Copying ../../build/world/world.egg-info to /home/codeyu/dev/school/ZS2021/nmvr/assignments/simulator/install/world/lib/python3.8/site-packages/world-0.0.0-py3.8.egg-info
[2.021s] running install_scripts
[2.055s] Installing world script to /home/codeyu/dev/school/ZS2021/nmvr/assignments/simulator/install/world/lib/world
[2.055s] writing list of installed files to '/home/codeyu/dev/school/ZS2021/nmvr/assignments/simulator/build/world/install.log'
[2.090s] Invoked command in '/home/codeyu/dev/school/ZS2021/nmvr/assignments/simulator/src/world' returned '0': CONDA_PROMPT_MODIFIER=(base) PYTHONPATH=/home/codeyu/dev/school/ZS2021/nmvr/assignments/simulator/install/world/lib/python3.8/site-packages:${PYTHONPATH} /usr/bin/python3 setup.py egg_info --egg-base ../../build/world build --build-base /home/codeyu/dev/school/ZS2021/nmvr/assignments/simulator/build/world/build install --prefix /home/codeyu/dev/school/ZS2021/nmvr/assignments/simulator/install/world --record /home/codeyu/dev/school/ZS2021/nmvr/assignments/simulator/build/world/install.log --single-version-externally-managed
