[1.284s] Invoking command in '/home/codeyu/dev/school/ZS2021/nmvr/assignments/simulator/src/simulator': CONDA_PROMPT_MODIFIER=(base) PYTHONPATH=/home/codeyu/dev/school/ZS2021/nmvr/assignments/simulator/install/simulator/lib/python3.8/site-packages:${PYTHONPATH} /usr/bin/python3 setup.py egg_info --egg-base ../../build/simulator build --build-base /home/codeyu/dev/school/ZS2021/nmvr/assignments/simulator/build/simulator/build install --prefix /home/codeyu/dev/school/ZS2021/nmvr/assignments/simulator/install/simulator --record /home/codeyu/dev/school/ZS2021/nmvr/assignments/simulator/build/simulator/install.log --single-version-externally-managed
[1.929s] running egg_info
[1.931s] writing ../../build/simulator/simulator.egg-info/PKG-INFO
[1.931s] writing dependency_links to ../../build/simulator/simulator.egg-info/dependency_links.txt
[1.931s] writing entry points to ../../build/simulator/simulator.egg-info/entry_points.txt
[1.931s] writing requirements to ../../build/simulator/simulator.egg-info/requires.txt
[1.931s] writing top-level names to ../../build/simulator/simulator.egg-info/top_level.txt
[1.995s] reading manifest file '../../build/simulator/simulator.egg-info/SOURCES.txt'
[1.997s] writing manifest file '../../build/simulator/simulator.egg-info/SOURCES.txt'
[1.997s] running build
[1.997s] running build_py
[1.997s] running install
[1.999s] running install_lib
[2.001s] running install_data
[2.003s] running install_egg_info
[2.006s] removing '/home/codeyu/dev/school/ZS2021/nmvr/assignments/simulator/install/simulator/lib/python3.8/site-packages/simulator-0.0.0-py3.8.egg-info' (and everything under it)
[2.006s] Copying ../../build/simulator/simulator.egg-info to /home/codeyu/dev/school/ZS2021/nmvr/assignments/simulator/install/simulator/lib/python3.8/site-packages/simulator-0.0.0-py3.8.egg-info
[2.007s] running install_scripts
[2.039s] Installing simulator script to /home/codeyu/dev/school/ZS2021/nmvr/assignments/simulator/install/simulator/lib/simulator
[2.040s] writing list of installed files to '/home/codeyu/dev/school/ZS2021/nmvr/assignments/simulator/build/simulator/install.log'
[2.081s] Invoked command in '/home/codeyu/dev/school/ZS2021/nmvr/assignments/simulator/src/simulator' returned '0': CONDA_PROMPT_MODIFIER=(base) PYTHONPATH=/home/codeyu/dev/school/ZS2021/nmvr/assignments/simulator/install/simulator/lib/python3.8/site-packages:${PYTHONPATH} /usr/bin/python3 setup.py egg_info --egg-base ../../build/simulator build --build-base /home/codeyu/dev/school/ZS2021/nmvr/assignments/simulator/build/simulator/build install --prefix /home/codeyu/dev/school/ZS2021/nmvr/assignments/simulator/install/simulator --record /home/codeyu/dev/school/ZS2021/nmvr/assignments/simulator/build/simulator/install.log --single-version-externally-managed
