[1.635s] Invoking command in '/home/codeyu/dev/school/ZS2021/nmvr/assignments/simulator/src/robot': CONDA_PROMPT_MODIFIER=(base) PYTHONPATH=/home/codeyu/dev/school/ZS2021/nmvr/assignments/simulator/install/robot/lib/python3.8/site-packages:${PYTHONPATH} /usr/bin/python3 setup.py egg_info --egg-base ../../build/robot build --build-base /home/codeyu/dev/school/ZS2021/nmvr/assignments/simulator/build/robot/build install --prefix /home/codeyu/dev/school/ZS2021/nmvr/assignments/simulator/install/robot --record /home/codeyu/dev/school/ZS2021/nmvr/assignments/simulator/build/robot/install.log --single-version-externally-managed
[2.245s] running egg_info
[2.246s] writing ../../build/robot/robot.egg-info/PKG-INFO
[2.246s] writing dependency_links to ../../build/robot/robot.egg-info/dependency_links.txt
[2.246s] writing entry points to ../../build/robot/robot.egg-info/entry_points.txt
[2.247s] writing requirements to ../../build/robot/robot.egg-info/requires.txt
[2.247s] writing top-level names to ../../build/robot/robot.egg-info/top_level.txt
[2.313s] reading manifest file '../../build/robot/robot.egg-info/SOURCES.txt'
[2.315s] writing manifest file '../../build/robot/robot.egg-info/SOURCES.txt'
[2.315s] running build
[2.316s] running build_py
[2.316s] running install
[2.317s] running install_lib
[2.325s] running install_data
[2.325s] running install_egg_info
[2.328s] removing '/home/codeyu/dev/school/ZS2021/nmvr/assignments/simulator/install/robot/lib/python3.8/site-packages/robot-0.0.0-py3.8.egg-info' (and everything under it)
[2.329s] Copying ../../build/robot/robot.egg-info to /home/codeyu/dev/school/ZS2021/nmvr/assignments/simulator/install/robot/lib/python3.8/site-packages/robot-0.0.0-py3.8.egg-info
[2.330s] running install_scripts
[2.365s] Installing robot script to /home/codeyu/dev/school/ZS2021/nmvr/assignments/simulator/install/robot/lib/robot
[2.365s] writing list of installed files to '/home/codeyu/dev/school/ZS2021/nmvr/assignments/simulator/build/robot/install.log'
[2.404s] Invoked command in '/home/codeyu/dev/school/ZS2021/nmvr/assignments/simulator/src/robot' returned '0': CONDA_PROMPT_MODIFIER=(base) PYTHONPATH=/home/codeyu/dev/school/ZS2021/nmvr/assignments/simulator/install/robot/lib/python3.8/site-packages:${PYTHONPATH} /usr/bin/python3 setup.py egg_info --egg-base ../../build/robot build --build-base /home/codeyu/dev/school/ZS2021/nmvr/assignments/simulator/build/robot/build install --prefix /home/codeyu/dev/school/ZS2021/nmvr/assignments/simulator/install/robot --record /home/codeyu/dev/school/ZS2021/nmvr/assignments/simulator/build/robot/install.log --single-version-externally-managed
