[1.509s] Invoking command in '/home/codeyu/dev/school/ZS2021/nmvr/assignments/simulator/src/simulator': CONDA_PROMPT_MODIFIER=(base) PYTHONPATH=/home/codeyu/dev/school/ZS2021/nmvr/assignments/simulator/install/simulator/lib/python3.8/site-packages:${PYTHONPATH} /usr/bin/python3 setup.py egg_info --egg-base ../../build/simulator build --build-base /home/codeyu/dev/school/ZS2021/nmvr/assignments/simulator/build/simulator/build install --prefix /home/codeyu/dev/school/ZS2021/nmvr/assignments/simulator/install/simulator --record /home/codeyu/dev/school/ZS2021/nmvr/assignments/simulator/build/simulator/install.log --single-version-externally-managed
[2.141s] running egg_info
[2.142s] writing ../../build/simulator/simulator.egg-info/PKG-INFO
[2.142s] writing dependency_links to ../../build/simulator/simulator.egg-info/dependency_links.txt
[2.142s] writing entry points to ../../build/simulator/simulator.egg-info/entry_points.txt
[2.143s] writing requirements to ../../build/simulator/simulator.egg-info/requires.txt
[2.143s] writing top-level names to ../../build/simulator/simulator.egg-info/top_level.txt
[2.201s] reading manifest file '../../build/simulator/simulator.egg-info/SOURCES.txt'
[2.204s] writing manifest file '../../build/simulator/simulator.egg-info/SOURCES.txt'
[2.204s] running build
[2.204s] running build_py
[2.205s] running install
[2.206s] running install_lib
[2.208s] running install_data
[2.211s] running install_egg_info
[2.214s] removing '/home/codeyu/dev/school/ZS2021/nmvr/assignments/simulator/install/simulator/lib/python3.8/site-packages/simulator-0.0.0-py3.8.egg-info' (and everything under it)
[2.214s] Copying ../../build/simulator/simulator.egg-info to /home/codeyu/dev/school/ZS2021/nmvr/assignments/simulator/install/simulator/lib/python3.8/site-packages/simulator-0.0.0-py3.8.egg-info
[2.216s] running install_scripts
[2.253s] Installing simulator script to /home/codeyu/dev/school/ZS2021/nmvr/assignments/simulator/install/simulator/lib/simulator
[2.254s] writing list of installed files to '/home/codeyu/dev/school/ZS2021/nmvr/assignments/simulator/build/simulator/install.log'
[2.290s] Invoked command in '/home/codeyu/dev/school/ZS2021/nmvr/assignments/simulator/src/simulator' returned '0': CONDA_PROMPT_MODIFIER=(base) PYTHONPATH=/home/codeyu/dev/school/ZS2021/nmvr/assignments/simulator/install/simulator/lib/python3.8/site-packages:${PYTHONPATH} /usr/bin/python3 setup.py egg_info --egg-base ../../build/simulator build --build-base /home/codeyu/dev/school/ZS2021/nmvr/assignments/simulator/build/simulator/build install --prefix /home/codeyu/dev/school/ZS2021/nmvr/assignments/simulator/install/simulator --record /home/codeyu/dev/school/ZS2021/nmvr/assignments/simulator/build/simulator/install.log --single-version-externally-managed
