running egg_info
writing ../../build/world/world.egg-info/PKG-INFO
writing dependency_links to ../../build/world/world.egg-info/dependency_links.txt
writing entry points to ../../build/world/world.egg-info/entry_points.txt
writing requirements to ../../build/world/world.egg-info/requires.txt
writing top-level names to ../../build/world/world.egg-info/top_level.txt
reading manifest file '../../build/world/world.egg-info/SOURCES.txt'
writing manifest file '../../build/world/world.egg-info/SOURCES.txt'
running build
running build_py
copying world/world.py -> /home/codeyu/dev/school/ZS2021/nmvr/assignments/simulator/build/world/build/lib/world
running install
running install_lib
copying /home/codeyu/dev/school/ZS2021/nmvr/assignments/simulator/build/world/build/lib/world/world.py -> /home/codeyu/dev/school/ZS2021/nmvr/assignments/simulator/install/world/lib/python3.8/site-packages/world
byte-compiling /home/codeyu/dev/school/ZS2021/nmvr/assignments/simulator/install/world/lib/python3.8/site-packages/world/world.py to world.cpython-38.pyc
running install_data
running install_egg_info
removing '/home/codeyu/dev/school/ZS2021/nmvr/assignments/simulator/install/world/lib/python3.8/site-packages/world-0.0.0-py3.8.egg-info' (and everything under it)
Copying ../../build/world/world.egg-info to /home/codeyu/dev/school/ZS2021/nmvr/assignments/simulator/install/world/lib/python3.8/site-packages/world-0.0.0-py3.8.egg-info
running install_scripts
Installing world script to /home/codeyu/dev/school/ZS2021/nmvr/assignments/simulator/install/world/lib/world
writing list of installed files to '/home/codeyu/dev/school/ZS2021/nmvr/assignments/simulator/build/world/install.log'
